2017-02-28 11:26:17,430 - Log4JLogChute initialized using file 'velocity.log'
2017-02-28 11:26:17,431 - Initializing Velocity, Calling init()...
2017-02-28 11:26:17,431 - Starting Apache Velocity v1.7 (compiled: 2010-11-19 12:14:37)
2017-02-28 11:26:17,431 - Default Properties File: org/apache/velocity/runtime/defaults/velocity.properties
2017-02-28 11:26:17,431 - Trying to use logger class org.apache.velocity.runtime.log.AvalonLogChute
2017-02-28 11:26:17,431 - Target log system for org.apache.velocity.runtime.log.AvalonLogChute is not available (java.lang.NoClassDefFoundError: org/apache/log/format/Formatter).  Falling back to next log system...
2017-02-28 11:26:17,431 - Trying to use logger class org.apache.velocity.runtime.log.Log4JLogChute
2017-02-28 11:26:17,431 - Using logger class org.apache.velocity.runtime.log.Log4JLogChute
2017-02-28 11:26:17,437 - ResourceLoader instantiated: org.apache.velocity.runtime.resource.loader.FileResourceLoader
2017-02-28 11:26:17,440 - Do unicode file recognition:  false
2017-02-28 11:26:17,440 - FileResourceLoader : adding path '.'
2017-02-28 11:26:17,457 - ResourceCache: initialized (class org.apache.velocity.runtime.resource.ResourceCacheImpl) with class java.util.Collections$SynchronizedMap cache map.
2017-02-28 11:26:17,458 - Loaded System Directive: org.apache.velocity.runtime.directive.Stop
2017-02-28 11:26:17,459 - Loaded System Directive: org.apache.velocity.runtime.directive.Define
2017-02-28 11:26:17,460 - Loaded System Directive: org.apache.velocity.runtime.directive.Break
2017-02-28 11:26:17,460 - Loaded System Directive: org.apache.velocity.runtime.directive.Evaluate
2017-02-28 11:26:17,461 - Loaded System Directive: org.apache.velocity.runtime.directive.Literal
2017-02-28 11:26:17,463 - Loaded System Directive: org.apache.velocity.runtime.directive.Macro
2017-02-28 11:26:17,464 - Loaded System Directive: org.apache.velocity.runtime.directive.Parse
2017-02-28 11:26:17,465 - Loaded System Directive: org.apache.velocity.runtime.directive.Include
2017-02-28 11:26:17,466 - Loaded System Directive: org.apache.velocity.runtime.directive.Foreach
2017-02-28 11:26:17,496 - Created '20' parsers.
2017-02-28 11:26:17,505 - Velocimacro : "velocimacro.library" is not set.  Trying default library: VM_global_library.vm
2017-02-28 11:26:17,505 - Velocimacro : Default library not found.
2017-02-28 11:26:17,506 - Velocimacro : allowInline = true : VMs can be defined inline in templates
2017-02-28 11:26:17,506 - Velocimacro : allowInlineToOverride = false : VMs defined inline may NOT replace previous VM definitions
2017-02-28 11:26:17,506 - Velocimacro : allowInlineLocal = false : VMs defined inline will be global in scope if allowed.
2017-02-28 11:26:17,506 - Velocimacro : autoload off : VM system will not automatically reload global library macros
2017-02-28 11:26:39,123 - Log4JLogChute initialized using file 'velocity.log'
2017-02-28 11:26:39,125 - Initializing Velocity, Calling init()...
2017-02-28 11:26:39,125 - Starting Apache Velocity v1.7 (compiled: 2010-11-19 12:14:37)
2017-02-28 11:26:39,125 - Default Properties File: org/apache/velocity/runtime/defaults/velocity.properties
2017-02-28 11:26:39,125 - Trying to use logger class org.apache.velocity.runtime.log.AvalonLogChute
2017-02-28 11:26:39,125 - Target log system for org.apache.velocity.runtime.log.AvalonLogChute is not available (java.lang.NoClassDefFoundError: org/apache/log/format/Formatter).  Falling back to next log system...
2017-02-28 11:26:39,125 - Trying to use logger class org.apache.velocity.runtime.log.Log4JLogChute
2017-02-28 11:26:39,125 - Using logger class org.apache.velocity.runtime.log.Log4JLogChute
2017-02-28 11:26:39,135 - ResourceLoader instantiated: org.apache.velocity.runtime.resource.loader.FileResourceLoader
2017-02-28 11:26:39,136 - Do unicode file recognition:  false
2017-02-28 11:26:39,136 - FileResourceLoader : adding path '.'
2017-02-28 11:26:39,151 - ResourceCache: initialized (class org.apache.velocity.runtime.resource.ResourceCacheImpl) with class java.util.Collections$SynchronizedMap cache map.
2017-02-28 11:26:39,152 - Loaded System Directive: org.apache.velocity.runtime.directive.Stop
2017-02-28 11:26:39,154 - Loaded System Directive: org.apache.velocity.runtime.directive.Define
2017-02-28 11:26:39,155 - Loaded System Directive: org.apache.velocity.runtime.directive.Break
2017-02-28 11:26:39,156 - Loaded System Directive: org.apache.velocity.runtime.directive.Evaluate
2017-02-28 11:26:39,157 - Loaded System Directive: org.apache.velocity.runtime.directive.Literal
2017-02-28 11:26:39,158 - Loaded System Directive: org.apache.velocity.runtime.directive.Macro
2017-02-28 11:26:39,160 - Loaded System Directive: org.apache.velocity.runtime.directive.Parse
2017-02-28 11:26:39,162 - Loaded System Directive: org.apache.velocity.runtime.directive.Include
2017-02-28 11:26:39,164 - Loaded System Directive: org.apache.velocity.runtime.directive.Foreach
2017-02-28 11:26:39,201 - Created '20' parsers.
2017-02-28 11:26:39,208 - Velocimacro : "velocimacro.library" is not set.  Trying default library: VM_global_library.vm
2017-02-28 11:26:39,208 - Velocimacro : Default library not found.
2017-02-28 11:26:39,208 - Velocimacro : allowInline = true : VMs can be defined inline in templates
2017-02-28 11:26:39,208 - Velocimacro : allowInlineToOverride = false : VMs defined inline may NOT replace previous VM definitions
2017-02-28 11:26:39,208 - Velocimacro : allowInlineLocal = false : VMs defined inline will be global in scope if allowed.
2017-02-28 11:26:39,209 - Velocimacro : autoload off : VM system will not automatically reload global library macros
2017-02-28 11:27:14,374 - Log4JLogChute initialized using file 'velocity.log'
2017-02-28 11:27:14,375 - Initializing Velocity, Calling init()...
2017-02-28 11:27:14,376 - Starting Apache Velocity v1.7 (compiled: 2010-11-19 12:14:37)
2017-02-28 11:27:14,376 - Default Properties File: org/apache/velocity/runtime/defaults/velocity.properties
2017-02-28 11:27:14,376 - Trying to use logger class org.apache.velocity.runtime.log.AvalonLogChute
2017-02-28 11:27:14,376 - Target log system for org.apache.velocity.runtime.log.AvalonLogChute is not available (java.lang.NoClassDefFoundError: org/apache/log/format/Formatter).  Falling back to next log system...
2017-02-28 11:27:14,376 - Trying to use logger class org.apache.velocity.runtime.log.Log4JLogChute
2017-02-28 11:27:14,376 - Using logger class org.apache.velocity.runtime.log.Log4JLogChute
2017-02-28 11:27:14,389 - ResourceLoader instantiated: org.apache.velocity.runtime.resource.loader.FileResourceLoader
2017-02-28 11:27:14,393 - Do unicode file recognition:  false
2017-02-28 11:27:14,393 - FileResourceLoader : adding path '.'
2017-02-28 11:27:14,416 - ResourceCache: initialized (class org.apache.velocity.runtime.resource.ResourceCacheImpl) with class java.util.Collections$SynchronizedMap cache map.
2017-02-28 11:27:14,418 - Loaded System Directive: org.apache.velocity.runtime.directive.Stop
2017-02-28 11:27:14,420 - Loaded System Directive: org.apache.velocity.runtime.directive.Define
2017-02-28 11:27:14,420 - Loaded System Directive: org.apache.velocity.runtime.directive.Break
2017-02-28 11:27:14,422 - Loaded System Directive: org.apache.velocity.runtime.directive.Evaluate
2017-02-28 11:27:14,422 - Loaded System Directive: org.apache.velocity.runtime.directive.Literal
2017-02-28 11:27:14,424 - Loaded System Directive: org.apache.velocity.runtime.directive.Macro
2017-02-28 11:27:14,427 - Loaded System Directive: org.apache.velocity.runtime.directive.Parse
2017-02-28 11:27:14,431 - Loaded System Directive: org.apache.velocity.runtime.directive.Include
2017-02-28 11:27:14,434 - Loaded System Directive: org.apache.velocity.runtime.directive.Foreach
2017-02-28 11:27:14,480 - Created '20' parsers.
2017-02-28 11:27:14,507 - Velocimacro : "velocimacro.library" is not set.  Trying default library: VM_global_library.vm
2017-02-28 11:27:14,507 - Velocimacro : Default library not found.
2017-02-28 11:27:14,508 - Velocimacro : allowInline = true : VMs can be defined inline in templates
2017-02-28 11:27:14,508 - Velocimacro : allowInlineToOverride = false : VMs defined inline may NOT replace previous VM definitions
2017-02-28 11:27:14,508 - Velocimacro : allowInlineLocal = false : VMs defined inline will be global in scope if allowed.
2017-02-28 11:27:14,508 - Velocimacro : autoload off : VM system will not automatically reload global library macros
2017-02-28 11:27:54,052 - Log4JLogChute initialized using file 'velocity.log'
2017-02-28 11:27:54,053 - Initializing Velocity, Calling init()...
2017-02-28 11:27:54,053 - Starting Apache Velocity v1.7 (compiled: 2010-11-19 12:14:37)
2017-02-28 11:27:54,053 - Default Properties File: org/apache/velocity/runtime/defaults/velocity.properties
2017-02-28 11:27:54,053 - Trying to use logger class org.apache.velocity.runtime.log.AvalonLogChute
2017-02-28 11:27:54,053 - Target log system for org.apache.velocity.runtime.log.AvalonLogChute is not available (java.lang.NoClassDefFoundError: org/apache/log/format/Formatter).  Falling back to next log system...
2017-02-28 11:27:54,053 - Trying to use logger class org.apache.velocity.runtime.log.Log4JLogChute
2017-02-28 11:27:54,053 - Using logger class org.apache.velocity.runtime.log.Log4JLogChute
2017-02-28 11:27:54,078 - ResourceLoader instantiated: org.apache.velocity.runtime.resource.loader.FileResourceLoader
2017-02-28 11:27:54,080 - Do unicode file recognition:  false
2017-02-28 11:27:54,080 - FileResourceLoader : adding path '.'
2017-02-28 11:27:54,097 - ResourceCache: initialized (class org.apache.velocity.runtime.resource.ResourceCacheImpl) with class java.util.Collections$SynchronizedMap cache map.
2017-02-28 11:27:54,099 - Loaded System Directive: org.apache.velocity.runtime.directive.Stop
2017-02-28 11:27:54,101 - Loaded System Directive: org.apache.velocity.runtime.directive.Define
2017-02-28 11:27:54,101 - Loaded System Directive: org.apache.velocity.runtime.directive.Break
2017-02-28 11:27:54,103 - Loaded System Directive: org.apache.velocity.runtime.directive.Evaluate
2017-02-28 11:27:54,103 - Loaded System Directive: org.apache.velocity.runtime.directive.Literal
2017-02-28 11:27:54,105 - Loaded System Directive: org.apache.velocity.runtime.directive.Macro
2017-02-28 11:27:54,107 - Loaded System Directive: org.apache.velocity.runtime.directive.Parse
2017-02-28 11:27:54,108 - Loaded System Directive: org.apache.velocity.runtime.directive.Include
2017-02-28 11:27:54,110 - Loaded System Directive: org.apache.velocity.runtime.directive.Foreach
2017-02-28 11:27:54,138 - Created '20' parsers.
2017-02-28 11:27:54,147 - Velocimacro : "velocimacro.library" is not set.  Trying default library: VM_global_library.vm
2017-02-28 11:27:54,147 - Velocimacro : Default library not found.
2017-02-28 11:27:54,147 - Velocimacro : allowInline = true : VMs can be defined inline in templates
2017-02-28 11:27:54,147 - Velocimacro : allowInlineToOverride = false : VMs defined inline may NOT replace previous VM definitions
2017-02-28 11:27:54,147 - Velocimacro : allowInlineLocal = false : VMs defined inline will be global in scope if allowed.
2017-02-28 11:27:54,147 - Velocimacro : autoload off : VM system will not automatically reload global library macros
2017-02-28 11:28:10,241 - Log4JLogChute initialized using file 'velocity.log'
2017-02-28 11:28:10,243 - Initializing Velocity, Calling init()...
2017-02-28 11:28:10,243 - Starting Apache Velocity v1.7 (compiled: 2010-11-19 12:14:37)
2017-02-28 11:28:10,243 - Default Properties File: org/apache/velocity/runtime/defaults/velocity.properties
2017-02-28 11:28:10,243 - Trying to use logger class org.apache.velocity.runtime.log.AvalonLogChute
2017-02-28 11:28:10,243 - Target log system for org.apache.velocity.runtime.log.AvalonLogChute is not available (java.lang.NoClassDefFoundError: org/apache/log/format/Formatter).  Falling back to next log system...
2017-02-28 11:28:10,243 - Trying to use logger class org.apache.velocity.runtime.log.Log4JLogChute
2017-02-28 11:28:10,243 - Using logger class org.apache.velocity.runtime.log.Log4JLogChute
2017-02-28 11:28:10,256 - ResourceLoader instantiated: org.apache.velocity.runtime.resource.loader.FileResourceLoader
2017-02-28 11:28:10,260 - Do unicode file recognition:  false
2017-02-28 11:28:10,260 - FileResourceLoader : adding path '.'
2017-02-28 11:28:10,280 - ResourceCache: initialized (class org.apache.velocity.runtime.resource.ResourceCacheImpl) with class java.util.Collections$SynchronizedMap cache map.
2017-02-28 11:28:10,282 - Loaded System Directive: org.apache.velocity.runtime.directive.Stop
2017-02-28 11:28:10,284 - Loaded System Directive: org.apache.velocity.runtime.directive.Define
2017-02-28 11:28:10,285 - Loaded System Directive: org.apache.velocity.runtime.directive.Break
2017-02-28 11:28:10,286 - Loaded System Directive: org.apache.velocity.runtime.directive.Evaluate
2017-02-28 11:28:10,287 - Loaded System Directive: org.apache.velocity.runtime.directive.Literal
2017-02-28 11:28:10,289 - Loaded System Directive: org.apache.velocity.runtime.directive.Macro
2017-02-28 11:28:10,290 - Loaded System Directive: org.apache.velocity.runtime.directive.Parse
2017-02-28 11:28:10,293 - Loaded System Directive: org.apache.velocity.runtime.directive.Include
2017-02-28 11:28:10,294 - Loaded System Directive: org.apache.velocity.runtime.directive.Foreach
2017-02-28 11:28:10,323 - Created '20' parsers.
2017-02-28 11:28:10,328 - Velocimacro : "velocimacro.library" is not set.  Trying default library: VM_global_library.vm
2017-02-28 11:28:10,328 - Velocimacro : Default library not found.
2017-02-28 11:28:10,328 - Velocimacro : allowInline = true : VMs can be defined inline in templates
2017-02-28 11:28:10,328 - Velocimacro : allowInlineToOverride = false : VMs defined inline may NOT replace previous VM definitions
2017-02-28 11:28:10,328 - Velocimacro : allowInlineLocal = false : VMs defined inline will be global in scope if allowed.
2017-02-28 11:28:10,328 - Velocimacro : autoload off : VM system will not automatically reload global library macros
2017-02-28 11:28:47,616 - Log4JLogChute initialized using file 'velocity.log'
2017-02-28 11:28:47,619 - Initializing Velocity, Calling init()...
2017-02-28 11:28:47,619 - Starting Apache Velocity v1.7 (compiled: 2010-11-19 12:14:37)
2017-02-28 11:28:47,619 - Default Properties File: org/apache/velocity/runtime/defaults/velocity.properties
2017-02-28 11:28:47,619 - Trying to use logger class org.apache.velocity.runtime.log.AvalonLogChute
2017-02-28 11:28:47,619 - Target log system for org.apache.velocity.runtime.log.AvalonLogChute is not available (java.lang.NoClassDefFoundError: org/apache/log/format/Formatter).  Falling back to next log system...
2017-02-28 11:28:47,619 - Trying to use logger class org.apache.velocity.runtime.log.Log4JLogChute
2017-02-28 11:28:47,619 - Using logger class org.apache.velocity.runtime.log.Log4JLogChute
2017-02-28 11:28:47,625 - ResourceLoader instantiated: org.apache.velocity.runtime.resource.loader.FileResourceLoader
2017-02-28 11:28:47,627 - Do unicode file recognition:  false
2017-02-28 11:28:47,627 - FileResourceLoader : adding path '.'
2017-02-28 11:28:47,636 - ResourceCache: initialized (class org.apache.velocity.runtime.resource.ResourceCacheImpl) with class java.util.Collections$SynchronizedMap cache map.
2017-02-28 11:28:47,637 - Loaded System Directive: org.apache.velocity.runtime.directive.Stop
2017-02-28 11:28:47,638 - Loaded System Directive: org.apache.velocity.runtime.directive.Define
2017-02-28 11:28:47,639 - Loaded System Directive: org.apache.velocity.runtime.directive.Break
2017-02-28 11:28:47,640 - Loaded System Directive: org.apache.velocity.runtime.directive.Evaluate
2017-02-28 11:28:47,641 - Loaded System Directive: org.apache.velocity.runtime.directive.Literal
2017-02-28 11:28:47,641 - Loaded System Directive: org.apache.velocity.runtime.directive.Macro
2017-02-28 11:28:47,642 - Loaded System Directive: org.apache.velocity.runtime.directive.Parse
2017-02-28 11:28:47,643 - Loaded System Directive: org.apache.velocity.runtime.directive.Include
2017-02-28 11:28:47,644 - Loaded System Directive: org.apache.velocity.runtime.directive.Foreach
2017-02-28 11:28:47,676 - Created '20' parsers.
2017-02-28 11:28:47,686 - Velocimacro : "velocimacro.library" is not set.  Trying default library: VM_global_library.vm
2017-02-28 11:28:47,686 - Velocimacro : Default library not found.
2017-02-28 11:28:47,686 - Velocimacro : allowInline = true : VMs can be defined inline in templates
2017-02-28 11:28:47,686 - Velocimacro : allowInlineToOverride = false : VMs defined inline may NOT replace previous VM definitions
2017-02-28 11:28:47,686 - Velocimacro : allowInlineLocal = false : VMs defined inline will be global in scope if allowed.
2017-02-28 11:28:47,686 - Velocimacro : autoload off : VM system will not automatically reload global library macros
2017-02-28 11:29:42,039 - Log4JLogChute initialized using file 'velocity.log'
2017-02-28 11:29:42,041 - Initializing Velocity, Calling init()...
2017-02-28 11:29:42,041 - Starting Apache Velocity v1.7 (compiled: 2010-11-19 12:14:37)
2017-02-28 11:29:42,041 - Default Properties File: org/apache/velocity/runtime/defaults/velocity.properties
2017-02-28 11:29:42,041 - Trying to use logger class org.apache.velocity.runtime.log.AvalonLogChute
2017-02-28 11:29:42,041 - Target log system for org.apache.velocity.runtime.log.AvalonLogChute is not available (java.lang.NoClassDefFoundError: org/apache/log/format/Formatter).  Falling back to next log system...
2017-02-28 11:29:42,041 - Trying to use logger class org.apache.velocity.runtime.log.Log4JLogChute
2017-02-28 11:29:42,041 - Using logger class org.apache.velocity.runtime.log.Log4JLogChute
2017-02-28 11:29:42,052 - ResourceLoader instantiated: org.apache.velocity.runtime.resource.loader.FileResourceLoader
2017-02-28 11:29:42,054 - Do unicode file recognition:  false
2017-02-28 11:29:42,054 - FileResourceLoader : adding path '.'
2017-02-28 11:29:42,081 - ResourceCache: initialized (class org.apache.velocity.runtime.resource.ResourceCacheImpl) with class java.util.Collections$SynchronizedMap cache map.
2017-02-28 11:29:42,082 - Loaded System Directive: org.apache.velocity.runtime.directive.Stop
2017-02-28 11:29:42,086 - Loaded System Directive: org.apache.velocity.runtime.directive.Define
2017-02-28 11:29:42,087 - Loaded System Directive: org.apache.velocity.runtime.directive.Break
2017-02-28 11:29:42,089 - Loaded System Directive: org.apache.velocity.runtime.directive.Evaluate
2017-02-28 11:29:42,090 - Loaded System Directive: org.apache.velocity.runtime.directive.Literal
2017-02-28 11:29:42,092 - Loaded System Directive: org.apache.velocity.runtime.directive.Macro
2017-02-28 11:29:42,093 - Loaded System Directive: org.apache.velocity.runtime.directive.Parse
2017-02-28 11:29:42,095 - Loaded System Directive: org.apache.velocity.runtime.directive.Include
2017-02-28 11:29:42,096 - Loaded System Directive: org.apache.velocity.runtime.directive.Foreach
2017-02-28 11:29:42,132 - Created '20' parsers.
2017-02-28 11:29:42,138 - Velocimacro : "velocimacro.library" is not set.  Trying default library: VM_global_library.vm
2017-02-28 11:29:42,138 - Velocimacro : Default library not found.
2017-02-28 11:29:42,138 - Velocimacro : allowInline = true : VMs can be defined inline in templates
2017-02-28 11:29:42,138 - Velocimacro : allowInlineToOverride = false : VMs defined inline may NOT replace previous VM definitions
2017-02-28 11:29:42,138 - Velocimacro : allowInlineLocal = false : VMs defined inline will be global in scope if allowed.
2017-02-28 11:29:42,138 - Velocimacro : autoload off : VM system will not automatically reload global library macros
2017-02-28 11:29:50,869 - Log4JLogChute initialized using file 'velocity.log'
2017-02-28 11:29:50,870 - Initializing Velocity, Calling init()...
2017-02-28 11:29:50,870 - Starting Apache Velocity v1.7 (compiled: 2010-11-19 12:14:37)
2017-02-28 11:29:50,870 - Default Properties File: org/apache/velocity/runtime/defaults/velocity.properties
2017-02-28 11:29:50,870 - Trying to use logger class org.apache.velocity.runtime.log.AvalonLogChute
2017-02-28 11:29:50,870 - Target log system for org.apache.velocity.runtime.log.AvalonLogChute is not available (java.lang.NoClassDefFoundError: org/apache/log/format/Formatter).  Falling back to next log system...
2017-02-28 11:29:50,870 - Trying to use logger class org.apache.velocity.runtime.log.Log4JLogChute
2017-02-28 11:29:50,870 - Using logger class org.apache.velocity.runtime.log.Log4JLogChute
2017-02-28 11:29:50,877 - ResourceLoader instantiated: org.apache.velocity.runtime.resource.loader.FileResourceLoader
2017-02-28 11:29:50,878 - Do unicode file recognition:  false
2017-02-28 11:29:50,878 - FileResourceLoader : adding path '.'
2017-02-28 11:29:50,891 - ResourceCache: initialized (class org.apache.velocity.runtime.resource.ResourceCacheImpl) with class java.util.Collections$SynchronizedMap cache map.
2017-02-28 11:29:50,893 - Loaded System Directive: org.apache.velocity.runtime.directive.Stop
2017-02-28 11:29:50,894 - Loaded System Directive: org.apache.velocity.runtime.directive.Define
2017-02-28 11:29:50,895 - Loaded System Directive: org.apache.velocity.runtime.directive.Break
2017-02-28 11:29:50,896 - Loaded System Directive: org.apache.velocity.runtime.directive.Evaluate
2017-02-28 11:29:50,896 - Loaded System Directive: org.apache.velocity.runtime.directive.Literal
2017-02-28 11:29:50,898 - Loaded System Directive: org.apache.velocity.runtime.directive.Macro
2017-02-28 11:29:50,899 - Loaded System Directive: org.apache.velocity.runtime.directive.Parse
2017-02-28 11:29:50,901 - Loaded System Directive: org.apache.velocity.runtime.directive.Include
2017-02-28 11:29:50,901 - Loaded System Directive: org.apache.velocity.runtime.directive.Foreach
2017-02-28 11:29:50,939 - Created '20' parsers.
2017-02-28 11:29:50,943 - Velocimacro : "velocimacro.library" is not set.  Trying default library: VM_global_library.vm
2017-02-28 11:29:50,943 - Velocimacro : Default library not found.
2017-02-28 11:29:50,943 - Velocimacro : allowInline = true : VMs can be defined inline in templates
2017-02-28 11:29:50,943 - Velocimacro : allowInlineToOverride = false : VMs defined inline may NOT replace previous VM definitions
2017-02-28 11:29:50,944 - Velocimacro : allowInlineLocal = false : VMs defined inline will be global in scope if allowed.
2017-02-28 11:29:50,944 - Velocimacro : autoload off : VM system will not automatically reload global library macros
2017-02-28 11:30:03,590 - Log4JLogChute initialized using file 'velocity.log'
2017-02-28 11:30:03,591 - Initializing Velocity, Calling init()...
2017-02-28 11:30:03,591 - Starting Apache Velocity v1.7 (compiled: 2010-11-19 12:14:37)
2017-02-28 11:30:03,591 - Default Properties File: org/apache/velocity/runtime/defaults/velocity.properties
2017-02-28 11:30:03,591 - Trying to use logger class org.apache.velocity.runtime.log.AvalonLogChute
2017-02-28 11:30:03,591 - Target log system for org.apache.velocity.runtime.log.AvalonLogChute is not available (java.lang.NoClassDefFoundError: org/apache/log/format/Formatter).  Falling back to next log system...
2017-02-28 11:30:03,591 - Trying to use logger class org.apache.velocity.runtime.log.Log4JLogChute
2017-02-28 11:30:03,591 - Using logger class org.apache.velocity.runtime.log.Log4JLogChute
2017-02-28 11:30:03,605 - ResourceLoader instantiated: org.apache.velocity.runtime.resource.loader.FileResourceLoader
2017-02-28 11:30:03,609 - Do unicode file recognition:  false
2017-02-28 11:30:03,610 - FileResourceLoader : adding path '.'
2017-02-28 11:30:03,622 - ResourceCache: initialized (class org.apache.velocity.runtime.resource.ResourceCacheImpl) with class java.util.Collections$SynchronizedMap cache map.
2017-02-28 11:30:03,624 - Loaded System Directive: org.apache.velocity.runtime.directive.Stop
2017-02-28 11:30:03,624 - Loaded System Directive: org.apache.velocity.runtime.directive.Define
2017-02-28 11:30:03,625 - Loaded System Directive: org.apache.velocity.runtime.directive.Break
2017-02-28 11:30:03,627 - Loaded System Directive: org.apache.velocity.runtime.directive.Evaluate
2017-02-28 11:30:03,631 - Loaded System Directive: org.apache.velocity.runtime.directive.Literal
2017-02-28 11:30:03,633 - Loaded System Directive: org.apache.velocity.runtime.directive.Macro
2017-02-28 11:30:03,634 - Loaded System Directive: org.apache.velocity.runtime.directive.Parse
2017-02-28 11:30:03,635 - Loaded System Directive: org.apache.velocity.runtime.directive.Include
2017-02-28 11:30:03,636 - Loaded System Directive: org.apache.velocity.runtime.directive.Foreach
2017-02-28 11:30:03,671 - Created '20' parsers.
2017-02-28 11:30:03,684 - Velocimacro : "velocimacro.library" is not set.  Trying default library: VM_global_library.vm
2017-02-28 11:30:03,684 - Velocimacro : Default library not found.
2017-02-28 11:30:03,684 - Velocimacro : allowInline = true : VMs can be defined inline in templates
2017-02-28 11:30:03,684 - Velocimacro : allowInlineToOverride = false : VMs defined inline may NOT replace previous VM definitions
2017-02-28 11:30:03,684 - Velocimacro : allowInlineLocal = false : VMs defined inline will be global in scope if allowed.
2017-02-28 11:30:03,685 - Velocimacro : autoload off : VM system will not automatically reload global library macros
